

Loading time: 0.0h 0.0m 19.1963479519s 


Processing time: 0.0h 0.0m 9.91525387764s 
0
6000
12000
18000
24000
30000
36000
42000
48000
54000
60000
66000
72000
78000
84000
90000
96000
102000
108000
114000
120000
126000
132000
138000
144000
150000
156000
162000
168000
174000
180000
186000
192000
198000
204000
210000
216000
222000
228000
234000
240000
246000
252000
258000
264000
270000
276000
282000
288000
294000
300000
306000
312000
318000
324000
330000
336000
342000
348000
354000
360000
366000
372000
378000


Fitting and Predicting time: 6.0h 39.0m 56.827201128s 


Prediction Error Square: [ 0.00362724]
Error percentage: [ 0.12684927]
